--input csvfile: nicer_target_segment_table.csv
--target name: BKGD_RXTE_3
--obsid: None
BKGD_RXTE_3 4012030101 2021-03-14T10:26:00 432.0 HEADAS:True NICERTEAM:False
BKGD_RXTE_3 4012030102 2021-03-15T08:15:40 3222.0 HEADAS:True NICERTEAM:False
BKGD_RXTE_3 4012030103 2021-03-16T07:25:20 2843.0 HEADAS:True NICERTEAM:False
BKGD_RXTE_3 4012030104 2021-03-17T14:26:20 1088.0 HEADAS:True NICERTEAM:False
BKGD_RXTE_3 4012030105 2021-03-18T02:51:00 1115.0 HEADAS:True NICERTEAM:True
BKGD_RXTE_3 4012030106 2021-03-19T03:54:20 1543.0 HEADAS:True NICERTEAM:True
BKGD_RXTE_3 4012030107 2021-03-20T01:21:20 906.0 HEADAS:True NICERTEAM:True
BKGD_RXTE_3 4012030108 2021-04-02T19:20:00 203.0 HEADAS:True NICERTEAM:False
BKGD_RXTE_3 4012030109 2021-04-03T15:29:00 156.0 HEADAS:True NICERTEAM:False
BKGD_RXTE_3 4012030110 2021-04-05T15:30:20 209.0 HEADAS:True NICERTEAM:False
BKGD_RXTE_3 4012030111 2021-04-06T19:23:20 215.0 HEADAS:True NICERTEAM:False
BKGD_RXTE_3 4012030112 2021-04-08T07:01:20 381.0 HEADAS:True NICERTEAM:False
BKGD_RXTE_3 4012030113 2021-04-10T05:30:20 458.0 HEADAS:True NICERTEAM:False
BKGD_RXTE_3 4012030114 2021-04-16T07:07:20 2105.0 HEADAS:True NICERTEAM:False
BKGD_RXTE_3 4012030115 2021-04-18T05:42:20 245.0 HEADAS:True NICERTEAM:False
BKGD_RXTE_3 4012030116 2021-05-01T11:31:40 312.0 HEADAS:True NICERTEAM:False
BKGD_RXTE_3 4012030117 2021-05-03T20:51:40 335.0 HEADAS:True NICERTEAM:False
BKGD_RXTE_3 4012030118 2021-05-05T20:54:41 321.0 HEADAS:True NICERTEAM:False
BKGD_RXTE_3 4012030119 2021-05-06T00:01:12 475.0 HEADAS:True NICERTEAM:False
BKGD_RXTE_3 4012030120 2021-05-08T23:15:20 549.0 HEADAS:True NICERTEAM:False
BKGD_RXTE_3 3012030101 2020-03-10T04:24:18 1799.0 HEADAS:True NICERTEAM:False
BKGD_RXTE_3 3012030102 2020-03-15T05:20:59 2937.0 HEADAS:True NICERTEAM:False
BKGD_RXTE_3 3012030103 2020-03-18T07:44:20 4413.0 HEADAS:True NICERTEAM:False
BKGD_RXTE_3 3012030104 2020-03-19T07:00:40 1902.0 HEADAS:True NICERTEAM:False
BKGD_RXTE_3 3012030105 2020-04-01T16:07:40 182.0 HEADAS:True NICERTEAM:False
BKGD_RXTE_3 3012030106 2020-04-02T08:53:40 2191.0 HEADAS:True NICERTEAM:False
BKGD_RXTE_3 3012030107 2020-04-04T21:11:40 140.0 HEADAS:True NICERTEAM:False
BKGD_RXTE_3 3012030108 2020-04-05T20:25:54 775.0 HEADAS:True NICERTEAM:False
BKGD_RXTE_3 3012030109 2020-04-06T18:05:00 1355.0 HEADAS:True NICERTEAM:False
BKGD_RXTE_3 3012030110 2020-04-10T12:01:20 492.0 HEADAS:True NICERTEAM:False
BKGD_RXTE_3 3012030111 2020-04-11T06:38:40 837.0 HEADAS:True NICERTEAM:False
BKGD_RXTE_3 3012030112 2020-04-12T02:49:40 607.0 HEADAS:True NICERTEAM:False
BKGD_RXTE_3 3012030113 2020-04-13T14:29:00 935.0 HEADAS:True NICERTEAM:False
BKGD_RXTE_3 3012030114 2020-04-14T05:58:40 2251.0 HEADAS:True NICERTEAM:False
BKGD_RXTE_3 3012030115 2020-04-15T05:13:20 558.0 HEADAS:True NICERTEAM:False
BKGD_RXTE_3 3012030116 2020-04-16T21:30:40 764.0 HEADAS:True NICERTEAM:False
BKGD_RXTE_3 3012030117 2020-04-18T04:30:40 459.0 HEADAS:True NICERTEAM:False
BKGD_RXTE_3 3012030118 2020-04-25T17:49:20 0.0 HEADAS:True NICERTEAM:False
BKGD_RXTE_3 3012030119 2020-05-10T08:27:40 374.0 HEADAS:True NICERTEAM:False
BKGD_RXTE_3 3012030120 2020-05-12T23:35:00 176.0 HEADAS:True NICERTEAM:False
BKGD_RXTE_3 3012030121 2020-05-13T18:27:00 794.0 HEADAS:True NICERTEAM:False
BKGD_RXTE_3 3012030122 2020-05-14T02:11:20 4401.0 HEADAS:True NICERTEAM:False
BKGD_RXTE_3 3012030123 2020-05-21T13:34:00 0.0 HEADAS:True NICERTEAM:False
BKGD_RXTE_3 3012030124 2020-05-25T10:28:40 1410.0 HEADAS:True NICERTEAM:False
BKGD_RXTE_3 3012030125 2020-05-30T22:28:39 43.0 HEADAS:True NICERTEAM:False
BKGD_RXTE_3 3012030126 2020-05-31T00:01:20 38.0 HEADAS:True NICERTEAM:False
BKGD_RXTE_3 3012030127 2020-06-04T10:54:40 0.0 HEADAS:True NICERTEAM:False
BKGD_RXTE_3 3012030128 2020-06-05T00:51:20 0.0 HEADAS:True NICERTEAM:False
BKGD_RXTE_3 3012030129 2020-06-06T00:04:00 0.0 HEADAS:True NICERTEAM:False
BKGD_RXTE_3 3012030130 2020-06-08T09:20:40 0.0 HEADAS:True NICERTEAM:False
BKGD_RXTE_3 3012030131 2020-06-10T09:19:39 0.0 HEADAS:True NICERTEAM:False
BKGD_RXTE_3 3012030132 2020-06-11T00:47:59 0.0 HEADAS:True NICERTEAM:False
BKGD_RXTE_3 3012030133 2020-06-13T22:38:40 0.0 HEADAS:True NICERTEAM:False
BKGD_RXTE_3 3012030134 2020-06-14T00:11:40 0.0 HEADAS:True NICERTEAM:False
BKGD_RXTE_3 3012030135 2020-06-19T22:29:19 0.0 HEADAS:True NICERTEAM:False
BKGD_RXTE_3 3012030136 2020-06-20T13:58:39 0.0 HEADAS:True NICERTEAM:False
BKGD_RXTE_3 3012030137 2020-06-21T02:22:19 174.0 HEADAS:True NICERTEAM:False
BKGD_RXTE_3 3012030138 2020-10-02T11:21:20 0.0 HEADAS:True NICERTEAM:False
BKGD_RXTE_3 3012030139 2020-10-05T21:40:00 0.0 HEADAS:True NICERTEAM:False
BKGD_RXTE_3 3012030140 2020-10-06T11:37:00 27.0 HEADAS:True NICERTEAM:False
BKGD_RXTE_3 3012030141 2020-10-07T00:05:00 0.0 HEADAS:True NICERTEAM:False
BKGD_RXTE_3 3012030142 2020-10-08T03:52:40 0.0 HEADAS:True NICERTEAM:False
BKGD_RXTE_3 3012030143 2020-10-09T00:00:20 0.0 HEADAS:True NICERTEAM:False
BKGD_RXTE_3 3012030144 2020-10-19T04:54:20 275.0 HEADAS:True NICERTEAM:False
BKGD_RXTE_3 3012030145 2020-11-18T12:43:40 2721.0 HEADAS:True NICERTEAM:False
BKGD_RXTE_3 3012030146 2020-11-21T20:05:20 443.0 HEADAS:True NICERTEAM:False
BKGD_RXTE_3 3012030147 2020-11-23T04:20:20 833.0 HEADAS:True NICERTEAM:False
BKGD_RXTE_3 3012030148 2020-11-30T08:39:00 306.0 HEADAS:True NICERTEAM:False
BKGD_RXTE_3 3012030149 2020-12-08T15:10:20 3471.0 HEADAS:True NICERTEAM:False
BKGD_RXTE_3 3012030150 2020-12-09T00:28:00 3585.0 HEADAS:True NICERTEAM:False
BKGD_RXTE_3 3012030151 2020-12-30T15:26:40 987.0 HEADAS:True NICERTEAM:False
BKGD_RXTE_3 3012030152 2020-12-31T02:16:40 2511.0 HEADAS:True NICERTEAM:False
BKGD_RXTE_3 3012030153 2021-01-11T01:32:40 594.0 HEADAS:True NICERTEAM:False
BKGD_RXTE_3 3012030154 2021-01-15T17:26:40 222.0 HEADAS:True NICERTEAM:False
BKGD_RXTE_3 3012030155 2021-01-16T08:57:20 598.0 HEADAS:True NICERTEAM:False
BKGD_RXTE_3 3012030156 2021-01-17T03:32:40 1547.0 HEADAS:True NICERTEAM:False
BKGD_RXTE_3 3012030157 2021-01-18T15:10:40 343.0 HEADAS:True NICERTEAM:False
BKGD_RXTE_3 3012030158 2021-01-19T12:53:20 971.0 HEADAS:True NICERTEAM:False
BKGD_RXTE_3 3012030159 2021-01-26T19:32:20 409.0 HEADAS:True NICERTEAM:False
BKGD_RXTE_3 3012030160 2021-02-03T22:34:00 890.0 HEADAS:True NICERTEAM:False
BKGD_RXTE_3 3012030161 2021-02-04T00:07:20 1309.0 HEADAS:True NICERTEAM:False
BKGD_RXTE_3 3012030162 2021-02-12T06:36:16 6538.0 HEADAS:True NICERTEAM:False
BKGD_RXTE_3 3012030163 2021-02-18T21:03:20 690.0 HEADAS:True NICERTEAM:False
BKGD_RXTE_3 3012030164 2021-02-21T21:55:00 1066.0 HEADAS:True NICERTEAM:False
BKGD_RXTE_3 2012030101 2019-03-03T23:04:00 878.0 HEADAS:True NICERTEAM:False
BKGD_RXTE_3 2012030102 2019-03-04T11:25:20 1634.0 HEADAS:True NICERTEAM:False
BKGD_RXTE_3 2012030103 2019-03-06T19:02:40 13.0 HEADAS:True NICERTEAM:False
BKGD_RXTE_3 2012030104 2019-03-08T01:59:20 2543.0 HEADAS:True NICERTEAM:False
BKGD_RXTE_3 2012030105 2019-03-09T11:54:38 3933.0 HEADAS:True NICERTEAM:False
BKGD_RXTE_3 2012030106 2019-03-10T23:27:59 228.0 HEADAS:True NICERTEAM:False
BKGD_RXTE_3 2012030107 2019-03-16T12:20:20 364.0 HEADAS:True NICERTEAM:False
BKGD_RXTE_3 2012030108 2019-03-21T08:32:19 2721.0 HEADAS:True NICERTEAM:False
BKGD_RXTE_3 2012030109 2019-04-06T03:42:40 0.0 HEADAS:True NICERTEAM:False
BKGD_RXTE_3 2012030110 2019-04-07T02:21:39 2592.0 HEADAS:True NICERTEAM:False
BKGD_RXTE_3 2012030111 2019-04-08T21:48:40 20.0 HEADAS:True NICERTEAM:False
BKGD_RXTE_3 2012030112 2019-04-09T00:44:18 776.0 HEADAS:True NICERTEAM:False
BKGD_RXTE_3 2012030113 2019-04-10T09:13:40 2362.0 HEADAS:True NICERTEAM:False
BKGD_RXTE_3 2012030114 2019-04-11T22:17:55 816.0 HEADAS:True NICERTEAM:False
BKGD_RXTE_3 2012030115 2019-05-05T16:57:40 0.0 HEADAS:True NICERTEAM:False
BKGD_RXTE_3 2012030116 2019-05-06T08:30:20 217.0 HEADAS:True NICERTEAM:False
BKGD_RXTE_3 2012030117 2019-05-09T13:49:59 589.0 HEADAS:True NICERTEAM:False
BKGD_RXTE_3 2012030118 2019-05-21T05:48:40 833.0 HEADAS:True NICERTEAM:False
BKGD_RXTE_3 2012030119 2019-05-28T09:35:40 1552.0 HEADAS:True NICERTEAM:False
BKGD_RXTE_3 2012030120 2019-05-29T01:06:40 1810.0 HEADAS:True NICERTEAM:False
BKGD_RXTE_3 2012030121 2019-05-30T04:52:38 2245.0 HEADAS:True NICERTEAM:False
BKGD_RXTE_3 2012030122 2019-06-02T20:41:20 143.0 HEADAS:True NICERTEAM:False
BKGD_RXTE_3 2012030123 2019-06-03T16:48:00 175.0 HEADAS:True NICERTEAM:False
BKGD_RXTE_3 2012030124 2019-06-04T22:16:39 1292.0 HEADAS:True NICERTEAM:False
BKGD_RXTE_3 2012030125 2019-06-05T22:57:40 1410.0 HEADAS:True NICERTEAM:False
BKGD_RXTE_3 2012030126 2019-06-06T06:57:59 1675.0 HEADAS:True NICERTEAM:False
BKGD_RXTE_3 2012030127 2019-06-08T22:10:20 726.0 HEADAS:True NICERTEAM:False
BKGD_RXTE_3 2012030128 2019-06-08T23:43:20 2333.0 HEADAS:True NICERTEAM:False
BKGD_RXTE_3 2012030129 2019-06-10T02:06:58 2352.0 HEADAS:True NICERTEAM:False
BKGD_RXTE_3 2012030130 2019-12-25T03:14:40 0.0 HEADAS:True NICERTEAM:False
BKGD_RXTE_3 2012030131 2019-12-30T13:41:00 677.0 HEADAS:True NICERTEAM:False
BKGD_RXTE_3 2012030132 2020-01-11T07:36:20 509.0 HEADAS:True NICERTEAM:False
BKGD_RXTE_3 2012030133 2020-01-18T13:06:00 688.0 HEADAS:True NICERTEAM:False
BKGD_RXTE_3 2012030134 2020-01-19T12:20:00 2592.0 HEADAS:True NICERTEAM:False
BKGD_RXTE_3 2012030135 2020-01-20T20:58:40 602.0 HEADAS:True NICERTEAM:False
BKGD_RXTE_3 2012030136 2020-01-21T03:06:20 1174.0 HEADAS:True NICERTEAM:False
BKGD_RXTE_3 2012030137 2020-02-01T05:19:40 1296.0 HEADAS:True NICERTEAM:False
BKGD_RXTE_3 2012030138 2020-02-01T23:54:40 637.0 HEADAS:True NICERTEAM:False
BKGD_RXTE_3 2012030139 2020-02-03T16:10:20 339.0 HEADAS:True NICERTEAM:False
BKGD_RXTE_3 2012030140 2020-02-03T23:55:00 343.0 HEADAS:True NICERTEAM:False
BKGD_RXTE_3 2012030141 2020-02-27T09:04:20 1316.0 HEADAS:True NICERTEAM:False
BKGD_RXTE_3 1012030101 2017-09-27T15:27:35 0.0 HEADAS:True NICERTEAM:False
BKGD_RXTE_3 1012030102 2017-10-04T12:29:28 308.0 HEADAS:True NICERTEAM:False
BKGD_RXTE_3 1012030103 2017-10-05T02:28:31 1455.0 HEADAS:True NICERTEAM:False
BKGD_RXTE_3 1012030104 2017-11-14T07:37:40 446.0 HEADAS:True NICERTEAM:False
BKGD_RXTE_3 1012030105 2017-11-23T01:40:20 654.0 HEADAS:True NICERTEAM:False
BKGD_RXTE_3 1012030106 2017-11-24T02:28:06 698.0 HEADAS:True NICERTEAM:False
BKGD_RXTE_3 1012030107 2017-11-25T04:45:00 658.0 HEADAS:True NICERTEAM:False
BKGD_RXTE_3 1012030108 2017-12-01T22:41:34 1342.0 HEADAS:True NICERTEAM:False
BKGD_RXTE_3 1012030109 2017-12-02T00:21:20 7024.0 HEADAS:True NICERTEAM:False
BKGD_RXTE_3 1012030110 2017-12-03T01:27:46 2327.0 HEADAS:True NICERTEAM:False
BKGD_RXTE_3 1012030111 2017-12-04T01:46:40 1082.0 HEADAS:True NICERTEAM:False
BKGD_RXTE_3 1012030112 2017-12-05T00:56:40 899.0 HEADAS:True NICERTEAM:False
BKGD_RXTE_3 1012030113 2017-12-17T08:12:26 253.0 HEADAS:True NICERTEAM:False
BKGD_RXTE_3 1012030114 2018-01-08T08:38:20 576.0 HEADAS:True NICERTEAM:False
BKGD_RXTE_3 1012030115 2018-01-09T13:58:20 531.0 HEADAS:True NICERTEAM:False
BKGD_RXTE_3 1012030116 2018-01-10T13:03:36 787.0 HEADAS:True NICERTEAM:False
BKGD_RXTE_3 1012030117 2018-01-11T01:28:37 1506.0 HEADAS:True NICERTEAM:False
BKGD_RXTE_3 1012030118 2018-01-12T06:50:20 658.0 HEADAS:True NICERTEAM:False
BKGD_RXTE_3 1012030119 2018-01-20T07:42:46 3312.0 HEADAS:True NICERTEAM:False
BKGD_RXTE_3 1012030120 2018-01-21T07:05:18 2917.0 HEADAS:True NICERTEAM:False
BKGD_RXTE_3 1012030121 2018-01-22T03:02:45 2352.0 HEADAS:True NICERTEAM:False
BKGD_RXTE_3 1012030122 2018-01-23T08:20:16 2445.0 HEADAS:True NICERTEAM:False
BKGD_RXTE_3 1012030123 2018-01-24T04:24:18 7410.0 HEADAS:True NICERTEAM:False
BKGD_RXTE_3 1012030124 2018-01-29T13:59:43 685.0 HEADAS:True NICERTEAM:False
BKGD_RXTE_3 1012030125 2018-01-30T03:49:58 154.0 HEADAS:True NICERTEAM:False
BKGD_RXTE_3 1012030126 2018-02-07T08:03:00 81.0 HEADAS:True NICERTEAM:False
BKGD_RXTE_3 1012030127 2018-02-08T04:07:20 551.0 HEADAS:True NICERTEAM:False
BKGD_RXTE_3 1012030128 2018-02-09T03:16:40 570.0 HEADAS:True NICERTEAM:False
BKGD_RXTE_3 1012030129 2018-02-13T15:22:40 527.0 HEADAS:True NICERTEAM:False
BKGD_RXTE_3 1012030130 2018-02-16T22:25:20 304.0 HEADAS:True NICERTEAM:False
BKGD_RXTE_3 1012030131 2018-02-17T01:27:20 981.0 HEADAS:True NICERTEAM:False
BKGD_RXTE_3 1012030132 2018-02-18T00:44:20 477.0 HEADAS:True NICERTEAM:False
BKGD_RXTE_3 1012030133 2018-02-19T08:59:00 1468.0 HEADAS:True NICERTEAM:False
BKGD_RXTE_3 1012030134 2018-02-20T06:41:20 537.0 HEADAS:True NICERTEAM:False
BKGD_RXTE_3 1012030135 2018-03-01T10:13:40 2832.0 HEADAS:True NICERTEAM:False
BKGD_RXTE_3 1012030136 2018-03-02T04:55:00 732.0 HEADAS:True NICERTEAM:False
BKGD_RXTE_3 1012030137 2018-03-08T01:28:50 166.0 HEADAS:True NICERTEAM:False
BKGD_RXTE_3 1012030138 2018-03-09T04:44:57 335.0 HEADAS:True NICERTEAM:False
BKGD_RXTE_3 1012030139 2018-03-10T02:21:56 1809.0 HEADAS:True NICERTEAM:False
BKGD_RXTE_3 1012030140 2018-03-11T00:35:00 2844.0 HEADAS:True NICERTEAM:False
BKGD_RXTE_3 1012030141 2018-03-12T01:11:40 2153.0 HEADAS:True NICERTEAM:False
BKGD_RXTE_3 1012030142 2018-03-13T01:25:56 2552.0 HEADAS:True NICERTEAM:False
BKGD_RXTE_3 1012030143 2018-03-14T22:31:51 121.0 HEADAS:True NICERTEAM:False
BKGD_RXTE_3 1012030144 2018-03-16T21:59:51 185.0 HEADAS:True NICERTEAM:False
BKGD_RXTE_3 1012030145 2018-03-17T01:06:23 2721.0 HEADAS:True NICERTEAM:False
BKGD_RXTE_3 1012030146 2018-03-18T01:49:32 3539.0 HEADAS:True NICERTEAM:False
BKGD_RXTE_3 1012030147 2018-03-19T01:10:32 4565.0 HEADAS:True NICERTEAM:False
BKGD_RXTE_3 1012030148 2018-03-20T00:19:40 2820.0 HEADAS:True NICERTEAM:False
BKGD_RXTE_3 1012030149 2018-03-23T07:21:20 1714.0 HEADAS:True NICERTEAM:False
BKGD_RXTE_3 1012030150 2018-03-24T00:10:40 419.0 HEADAS:True NICERTEAM:False
BKGD_RXTE_3 1012030151 2018-04-01T12:13:20 336.0 HEADAS:True NICERTEAM:False
BKGD_RXTE_3 1012030152 2018-04-03T05:49:44 836.0 HEADAS:True NICERTEAM:False
BKGD_RXTE_3 1012030153 2018-04-04T17:26:00 216.0 HEADAS:True NICERTEAM:False
BKGD_RXTE_3 1012030154 2018-04-05T05:47:00 532.0 HEADAS:True NICERTEAM:False
BKGD_RXTE_3 1012030155 2018-04-08T01:52:40 543.0 HEADAS:True NICERTEAM:False
BKGD_RXTE_3 1012030156 2018-04-09T13:02:20 590.0 HEADAS:True NICERTEAM:False
BKGD_RXTE_3 1012030157 2018-04-10T01:16:20 629.0 HEADAS:True NICERTEAM:False
BKGD_RXTE_3 1012030158 2018-04-27T17:52:39 1119.0 HEADAS:True NICERTEAM:False
BKGD_RXTE_3 1012030159 2018-05-22T14:36:20 968.0 HEADAS:True NICERTEAM:False
BKGD_RXTE_3 1012030160 2018-12-13T02:23:54 120.0 HEADAS:True NICERTEAM:False
BKGD_RXTE_3 1012030161 2018-12-15T02:26:20 2086.0 HEADAS:True NICERTEAM:False
BKGD_RXTE_3 1012030162 2018-12-16T04:41:20 6195.0 HEADAS:True NICERTEAM:False
BKGD_RXTE_3 1012030163 2018-12-17T00:40:40 5663.0 HEADAS:True NICERTEAM:False
BKGD_RXTE_3 1012030164 2018-12-20T01:24:20 185.0 HEADAS:True NICERTEAM:False
BKGD_RXTE_3 1012030165 2018-12-28T11:51:40 1126.0 HEADAS:True NICERTEAM:False
BKGD_RXTE_3 1012030166 2019-02-17T12:59:40 505.0 HEADAS:True NICERTEAM:False
BKGD_RXTE_3 0012030101 2017-06-17T14:51:31 0.0 HEADAS:False NICERTEAM:True
